<?xml version="1.0" encoding="UTF-8"?>
<testng-results ignored="0" total="1" passed="1" failed="0" skipped="0">
  <reporter-output>
  </reporter-output>
  <suite started-at="2019-08-07T05:50:58Z" name="Suite" finished-at="2019-08-07T05:51:33Z" duration-ms="34270">
    <groups>
    </groups>
    <test started-at="2019-08-07T05:50:58Z" name="Test" finished-at="2019-08-07T05:51:33Z" duration-ms="34270">
      <class name="co.pack.NewTest">
        <test-method signature="NewTestDemo()[pri:0, instance:co.pack.NewTest@c86b9e3]" started-at="2019-08-07T05:50:58Z" name="NewTestDemo" finished-at="2019-08-07T05:51:33Z" duration-ms="34243" status="PASS">
          <reporter-output>
          </reporter-output>
        </test-method> <!-- NewTestDemo -->
      </class> <!-- co.pack.NewTest -->
    </test> <!-- Test -->
  </suite> <!-- Suite -->
</testng-results>
