<?xml version="1.0" encoding="UTF-8"?>
<testng-results ignored="0" total="1" passed="1" failed="0" skipped="0">
  <reporter-output>
  </reporter-output>
  <suite started-at="2019-08-07T03:51:47Z" name="Default suite" finished-at="2019-08-07T03:52:18Z" duration-ms="30821">
    <groups>
    </groups>
    <test started-at="2019-08-07T03:51:47Z" name="Default test" finished-at="2019-08-07T03:52:18Z" duration-ms="30821">
      <class name="co.pack.NewTest">
        <test-method signature="NewTestDemo()[pri:0, instance:co.pack.NewTest@c86b9e3]" started-at="2019-08-07T03:51:47Z" name="NewTestDemo" finished-at="2019-08-07T03:52:18Z" duration-ms="30801" status="PASS">
          <reporter-output>
          </reporter-output>
        </test-method> <!-- NewTestDemo -->
      </class> <!-- co.pack.NewTest -->
    </test> <!-- Default test -->
  </suite> <!-- Default suite -->
</testng-results>
