<?xml version="1.0" encoding="UTF-8"?>
<testng-results total="1" passed="1" failed="0" skipped="0">
  <reporter-output>
  </reporter-output>
  <suite started-at="2019-08-08T00:09:43Z" name="Suite" finished-at="2019-08-08T00:11:43Z" duration-ms="119647">
    <groups>
    </groups>
    <test started-at="2019-08-08T00:09:43Z" name="Test" finished-at="2019-08-08T00:11:43Z" duration-ms="119647">
      <class name="co.pack.NewTest">
        <test-method signature="NewTestDemo()[pri:0, instance:co.pack.NewTest@55183b20]" started-at="2019-08-08T10:09:43Z" name="NewTestDemo" finished-at="2019-08-08T10:11:43Z" duration-ms="119612" status="PASS">
          <reporter-output>
          </reporter-output>
        </test-method> <!-- NewTestDemo -->
      </class> <!-- co.pack.NewTest -->
    </test> <!-- Test -->
  </suite> <!-- Suite -->
</testng-results>
