<?xml version="1.0" encoding="UTF-8"?>
<testng-results total="1" passed="1" failed="0" skipped="0">
  <reporter-output>
  </reporter-output>
  <suite started-at="2019-08-07T23:39:10Z" name="Suite" finished-at="2019-08-07T23:40:39Z" duration-ms="88568">
    <groups>
    </groups>
    <test started-at="2019-08-07T23:39:10Z" name="Test" finished-at="2019-08-07T23:40:39Z" duration-ms="88568">
      <class name="co.pack.NewTest">
        <test-method signature="NewTestDemo()[pri:0, instance:co.pack.NewTest@2362f559]" started-at="2019-08-08T09:39:10Z" name="NewTestDemo" finished-at="2019-08-08T09:40:39Z" duration-ms="88532" status="PASS">
          <reporter-output>
          </reporter-output>
        </test-method> <!-- NewTestDemo -->
      </class> <!-- co.pack.NewTest -->
    </test> <!-- Test -->
  </suite> <!-- Suite -->
</testng-results>
